Determining if the pthread_create exist failed with the following output:
Change Dir: /home/robot/catkin_ws/build/mavros_msgs/CMakeFiles/CMakeTmp

Run Build Command:/usr/bin/make "cmTryCompileExec1361692548/fast"
/usr/bin/make -f CMakeFiles/cmTryCompileExec1361692548.dir/build.make CMakeFiles/cmTryCompileExec1361692548.dir/build
make[1]: Entering directory `/home/robot/catkin_ws/build/mavros_msgs/CMakeFiles/CMakeTmp'
/usr/bin/cmake -E cmake_progress_report /home/robot/catkin_ws/build/mavros_msgs/CMakeFiles/CMakeTmp/CMakeFiles 1
Building C object CMakeFiles/cmTryCompileExec1361692548.dir/CheckSymbolExists.c.o
/usr/bin/cc    -o CMakeFiles/cmTryCompileExec1361692548.dir/CheckSymbolExists.c.o   -c /home/robot/catkin_ws/build/mavros_msgs/CMakeFiles/CMakeTmp/CheckSymbolExists.c
Linking C executable cmTryCompileExec1361692548
/usr/bin/cmake -E cmake_link_script CMakeFiles/cmTryCompileExec1361692548.dir/link.txt --verbose=1
/usr/bin/cc       CMakeFiles/cmTryCompileExec1361692548.dir/CheckSymbolExists.c.o  -o cmTryCompileExec1361692548 -rdynamic 
CMakeFiles/cmTryCompileExec1361692548.dir/CheckSymbolExists.c.o: In function `main':
CheckSymbolExists.c:(.text+0x16): undefined reference to `pthread_create'
collect2: error: ld returned 1 exit status
make[1]: *** [cmTryCompileExec1361692548] Error 1
make[1]: Leaving directory `/home/robot/catkin_ws/build/mavros_msgs/CMakeFiles/CMakeTmp'
make: *** [cmTryCompileExec1361692548/fast] Error 2

File /home/robot/catkin_ws/build/mavros_msgs/CMakeFiles/CMakeTmp/CheckSymbolExists.c:
/* */
#include <pthread.h>

int main(int argc, char** argv)
{
  (void)argv;
#ifndef pthread_create
  return ((int*)(&pthread_create))[argc];
#else
  (void)argc;
  return 0;
#endif
}

Determining if the function pthread_create exists in the pthreads failed with the following output:
Change Dir: /home/robot/catkin_ws/build/mavros_msgs/CMakeFiles/CMakeTmp

Run Build Command:/usr/bin/make "cmTryCompileExec2468397385/fast"
/usr/bin/make -f CMakeFiles/cmTryCompileExec2468397385.dir/build.make CMakeFiles/cmTryCompileExec2468397385.dir/build
make[1]: Entering directory `/home/robot/catkin_ws/build/mavros_msgs/CMakeFiles/CMakeTmp'
/usr/bin/cmake -E cmake_progress_report /home/robot/catkin_ws/build/mavros_msgs/CMakeFiles/CMakeTmp/CMakeFiles 1
Building C object CMakeFiles/cmTryCompileExec2468397385.dir/CheckFunctionExists.c.o
/usr/bin/cc   -DCHECK_FUNCTION_EXISTS=pthread_create   -o CMakeFiles/cmTryCompileExec2468397385.dir/CheckFunctionExists.c.o   -c /usr/share/cmake-2.8/Modules/CheckFunctionExists.c
Linking C executable cmTryCompileExec2468397385
/usr/bin/cmake -E cmake_link_script CMakeFiles/cmTryCompileExec2468397385.dir/link.txt --verbose=1
/usr/bin/cc   -DCHECK_FUNCTION_EXISTS=pthread_create    CMakeFiles/cmTryCompileExec2468397385.dir/CheckFunctionExists.c.o  -o cmTryCompileExec2468397385 -rdynamic -lpthreads 
/usr/bin/ld: cannot find -lpthreads
collect2: error: ld returned 1 exit status
make[1]: Leaving directory `/home/robot/catkin_ws/build/mavros_msgs/CMakeFiles/CMakeTmp'
make[1]: *** [cmTryCompileExec2468397385] Error 1
make: *** [cmTryCompileExec2468397385/fast] Error 2


