Determining if the pthread_create exist failed with the following output:
Change Dir: /home/stefano/Progetto_Drone/Odroid_ArCaRa/NapoDrone_ws/build/CMakeFiles/CMakeTmp

Run Build Command:"/usr/bin/make" "cmTryCompileExec3865688809/fast"
/usr/bin/make -f CMakeFiles/cmTryCompileExec3865688809.dir/build.make CMakeFiles/cmTryCompileExec3865688809.dir/build
make[1]: Entering directory `/home/stefano/Progetto_Drone/Odroid_ArCaRa/NapoDrone_ws/build/CMakeFiles/CMakeTmp'
/usr/bin/cmake -E cmake_progress_report /home/stefano/Progetto_Drone/Odroid_ArCaRa/NapoDrone_ws/build/CMakeFiles/CMakeTmp/CMakeFiles 1
Building C object CMakeFiles/cmTryCompileExec3865688809.dir/CheckSymbolExists.c.o
/usr/bin/cc    -o CMakeFiles/cmTryCompileExec3865688809.dir/CheckSymbolExists.c.o   -c /home/stefano/Progetto_Drone/Odroid_ArCaRa/NapoDrone_ws/build/CMakeFiles/CMakeTmp/CheckSymbolExists.c
Linking C executable cmTryCompileExec3865688809
/usr/bin/cmake -E cmake_link_script CMakeFiles/cmTryCompileExec3865688809.dir/link.txt --verbose=1
/usr/bin/cc       CMakeFiles/cmTryCompileExec3865688809.dir/CheckSymbolExists.c.o  -o cmTryCompileExec3865688809 -rdynamic 
CMakeFiles/cmTryCompileExec3865688809.dir/CheckSymbolExists.c.o: In function `main':
CheckSymbolExists.c:(.text+0x16): undefined reference to `pthread_create'
collect2: error: ld returned 1 exit status
make[1]: Leaving directory `/home/stefano/Progetto_Drone/Odroid_ArCaRa/NapoDrone_ws/build/CMakeFiles/CMakeTmp'
make[1]: *** [cmTryCompileExec3865688809] Error 1
make: *** [cmTryCompileExec3865688809/fast] Error 2

File /home/stefano/Progetto_Drone/Odroid_ArCaRa/NapoDrone_ws/build/CMakeFiles/CMakeTmp/CheckSymbolExists.c:
/* */
#include <pthread.h>

int main(int argc, char** argv)
{
  (void)argv;
#ifndef pthread_create
  return ((int*)(&pthread_create))[argc];
#else
  (void)argc;
  return 0;
#endif
}

Determining if the function pthread_create exists in the pthreads failed with the following output:
Change Dir: /home/stefano/Progetto_Drone/Odroid_ArCaRa/NapoDrone_ws/build/CMakeFiles/CMakeTmp

Run Build Command:"/usr/bin/make" "cmTryCompileExec298916705/fast"
/usr/bin/make -f CMakeFiles/cmTryCompileExec298916705.dir/build.make CMakeFiles/cmTryCompileExec298916705.dir/build
make[1]: Entering directory `/home/stefano/Progetto_Drone/Odroid_ArCaRa/NapoDrone_ws/build/CMakeFiles/CMakeTmp'
/usr/bin/cmake -E cmake_progress_report /home/stefano/Progetto_Drone/Odroid_ArCaRa/NapoDrone_ws/build/CMakeFiles/CMakeTmp/CMakeFiles 1
Building C object CMakeFiles/cmTryCompileExec298916705.dir/CheckFunctionExists.c.o
/usr/bin/cc   -DCHECK_FUNCTION_EXISTS=pthread_create   -o CMakeFiles/cmTryCompileExec298916705.dir/CheckFunctionExists.c.o   -c /usr/share/cmake-3.2/Modules/CheckFunctionExists.c
Linking C executable cmTryCompileExec298916705
/usr/bin/cmake -E cmake_link_script CMakeFiles/cmTryCompileExec298916705.dir/link.txt --verbose=1
/usr/bin/cc   -DCHECK_FUNCTION_EXISTS=pthread_create    CMakeFiles/cmTryCompileExec298916705.dir/CheckFunctionExists.c.o  -o cmTryCompileExec298916705 -rdynamic -lpthreads 
/usr/bin/ld: cannot find -lpthreads
collect2: error: ld returned 1 exit status
make[1]: Leaving directory `/home/stefano/Progetto_Drone/Odroid_ArCaRa/NapoDrone_ws/build/CMakeFiles/CMakeTmp'
make[1]: *** [cmTryCompileExec298916705] Error 1
make: *** [cmTryCompileExec298916705/fast] Error 2


